          ************************************************************

          heatflow/smoker
          john.molson@ggl.ulaval.ca

          3-d density-dependent flow and thermal transport model
          linear isoparametric elements

          ************************************************************

          smokerV3TC from SALT FLOW MODEL: 2D transport Hydrocoin                         

          100 x 2 x 51 TOTAL TRANSPORT NODES                                              
          March 2022 - test simulation                                                    
          ************************************************************

          ************************************************************

          heatflow/smoker
          john.molson@ggl.ulaval.ca

          3-d density-dependent flow and thermal transport model
          linear isoparametric elements

          ************************************************************

          smokerV3TC from SALT FLOW MODEL: 2D transport Hydrocoin                         

          100 x 2 x 51 TOTAL TRANSPORT NODES                                              
          March 2022 - test simulation                                                    
          ************************************************************


          run-time options ...
          kprt,kcntrl,kwt,kint,kintv,kgo,ksat,kmass,ktair,krk,kdz,ksubtr,kr1top,kfreec
            1  0  0  0  0  0  1  1  0  0  0  1  0  0

          mass transport option in effect


          conjugate gradient solver for flow


          direct integration for element matrices

          direct derivatives for velocities

          transport: advective term lagged, augmentation
                     matrix at midpoint in time


          weighting for physical dispersion   1.000

          weighting for augmentation term     0.500
          weighting for cauchy boundary       0.000


          saturated domain only


          using transport formulation v1 for latent heat

          grid definition:
          ----------------
          ngx,ngy,ngz: 
               1     1     1

          Global grid intervals for element spacing:
          ------------------------------------------
          x-dimension grid intervals: 
              400.00
          y-dimension grid intervals: 
                1.00
          z-dimension grid intervals: 
               50.00

          element distribution (nlx,nly,nlz): 

          x-dimension:     200
          y-dimension:       1
          z-dimension:      25


          flow grid size, elements (nex,ney,nez):  200    1   25
          estimated bandwidth (nb,nbb):        15   15

          flow grid size, nx,ny,nz:     201    2   26
          total nodes in flow grid        10452
          total elements in flow grid      5000


          number of deformable layers:     0
          grid datum:                    0.0000
          conc./density coefficient:     0.2000

          this is a nonlinear mass transport run
          well index data for breakthrough well:    0    0    0    0

          number of monitor wells ...      0

          vertical strip at (x,y)=(0,0) x,y,z coords:
        1 0.000E+00 0.000E+00 0.000E+00        2 0.000E+00 0.000E+00 0.200E+01
        3 0.000E+00 0.000E+00 0.400E+01        4 0.000E+00 0.000E+00 0.600E+01
        5 0.000E+00 0.000E+00 0.800E+01        6 0.000E+00 0.000E+00 0.100E+02
        7 0.000E+00 0.000E+00 0.120E+02        8 0.000E+00 0.000E+00 0.140E+02
        9 0.000E+00 0.000E+00 0.160E+02       10 0.000E+00 0.000E+00 0.180E+02
       11 0.000E+00 0.000E+00 0.200E+02       12 0.000E+00 0.000E+00 0.220E+02
       13 0.000E+00 0.000E+00 0.240E+02       14 0.000E+00 0.000E+00 0.260E+02
       15 0.000E+00 0.000E+00 0.280E+02       16 0.000E+00 0.000E+00 0.300E+02
       17 0.000E+00 0.000E+00 0.320E+02       18 0.000E+00 0.000E+00 0.340E+02
       19 0.000E+00 0.000E+00 0.360E+02       20 0.000E+00 0.000E+00 0.380E+02
       21 0.000E+00 0.000E+00 0.400E+02       22 0.000E+00 0.000E+00 0.420E+02
       23 0.000E+00 0.000E+00 0.440E+02       24 0.000E+00 0.000E+00 0.460E+02
       25 0.000E+00 0.000E+00 0.480E+02       26 0.000E+00 0.000E+00 0.500E+02

          vertical strip at (x,y)=(xl,yl) x,y,z coords:
    10427 0.400E+03 0.100E+01 0.000E+00    10428 0.400E+03 0.100E+01 0.200E+01
    10429 0.400E+03 0.100E+01 0.400E+01    10430 0.400E+03 0.100E+01 0.600E+01
    10431 0.400E+03 0.100E+01 0.800E+01    10432 0.400E+03 0.100E+01 0.100E+02
    10433 0.400E+03 0.100E+01 0.120E+02    10434 0.400E+03 0.100E+01 0.140E+02
    10435 0.400E+03 0.100E+01 0.160E+02    10436 0.400E+03 0.100E+01 0.180E+02
    10437 0.400E+03 0.100E+01 0.200E+02    10438 0.400E+03 0.100E+01 0.220E+02
    10439 0.400E+03 0.100E+01 0.240E+02    10440 0.400E+03 0.100E+01 0.260E+02
    10441 0.400E+03 0.100E+01 0.280E+02    10442 0.400E+03 0.100E+01 0.300E+02
    10443 0.400E+03 0.100E+01 0.320E+02    10444 0.400E+03 0.100E+01 0.340E+02
    10445 0.400E+03 0.100E+01 0.360E+02    10446 0.400E+03 0.100E+01 0.380E+02
    10447 0.400E+03 0.100E+01 0.400E+02    10448 0.400E+03 0.100E+01 0.420E+02
    10449 0.400E+03 0.100E+01 0.440E+02    10450 0.400E+03 0.100E+01 0.460E+02
    10451 0.400E+03 0.100E+01 0.480E+02    10452 0.400E+03 0.100E+01 0.500E+02

          found        0 duplicate fracture elements

          number of fracture elements ...       0

          summary: listing of first 100 fracture elements:
          l       ck      xarea       lvert    ifracl    ifdim
                 (m/s)    (m^2)       (face)   (3D #)       



          mindex routine ... flow boundary arrays ...

          boundary codes       0    0    0    0    0    1    0


          Flow: Dirichlet patch source on surface:   6
          indeces: x1,x2, y/z 1, y/z 2 ...    1   1   1   2  head:    0.0000

          Flow: Dirichlet patch source on surface:   6
          indeces: x1,x2, y/z 1, y/z 2 ...  201 201   1   2  head:    0.0000


          number of dirichlet nodes:     4
          number of degrees of freedom:     10448
          final bandwidth    11
          vector length     96548

          specified hydraulic conductivity @ 0 celsius:
          ---------------------------------------------
          element range        ckx          cky          ckz        tcx(sol)     cps(sol)    ps(sol)   porosity   saturation
              1    5000   0.500E-04    0.500E-04    0.500E-04           2.00      800.00     2630.00        0.20        1.00

          indexed hydraulic k:

              1    1    1    1    1    1
                          0.100E-04    0.100E-04    0.100E-04           2.00      800.00     2630.00        0.20        1.00

          hydraulic conductivities are all positive ... 
          continuing ... 

          porosities all positive, continuing ... 

          storage term ...   0.0000E+00

          uniform initial condition for flow; h0=   0.0000E+00


          transport grid ...
          ------------------
          number of nodes in vertical (z) direction  (nzt) =        26
          number of z-elements in transport grid:   (nezt) =        25
          total number of nodes in transport grid:   (nnt) =     10452
          total number of elements in transport grid:(net) =      5000


          mindex  ... mass transport boundary arrays ...

          boundary codes       0    0    0    0    0    0    5


          internal fixed mass transport nodes: 
          icx1,icx2,icy,icy2,icz1,icz2,conc:   76 126   1   2   2   2    0.10000E+01


          number of dirichlet nodes:   102
          number of degrees of freedom:     10350
          final bandwidth    11
          vector length     94993
          total domain volume ...                 0.200E+05

          top surface not thermally leaky

          surface T cosine: max number of sets allowed :     2

          top surface air temperature variation
          x-indices: ix1-ix2:    .......... .    0    0
          minimum air temperature (C)  .....      -1.5000
          cosine curve 1/2 amplitude (C) ...      12.0000
          cosine curve period (days)  ......     365.0000
          phase shift (days)     ...........       0.0000
          temperature cutoff  ..............      -0.0000
          temperature gradient over time (degC/day) ..      0.00000
          temperature gradient over x dist. (degC/m) ..      0.00000

          conductance layer thickness variation
          minimum thickness (m)   ........       0.0010
          cosine curve amplitude  (C) ......       0.0000
          cosine curve period (days)  ......     365.0000
          phase shift (days)     .........       0.0000
          thickness cutoff  ..............      -0.0000
          thickness gradient over time (m/day) ....       0.0000
          thickness gradient over x dist. (degC/m) ..       0.0000

          conductance layer saturation variation
          minimum saturation    ..........       0.5000
          cosine curve amplitude  (C) ......       0.0000
          cosine curve period (days)  ......     365.0000
          phase shift (days)     .........       0.0000
          saturation cutoff  .............      -0.0000
          thickness gradient over time (m/day) ....       0.0000
          thickness gradient over x dist. (degC/m) ..       0.0000

          tidal variation parameters
          minimum tide elevation  ..........       0.0000
          cosine curve amplitude  (C) ......       0.0000
          cosine curve period (days)  ......     365.0000
          phase shift (days)     .........       0.0000
          elevation cutoff   .............    -999.0000
          head gradient over time (m/day) ......       0.0000
          head gradient over x dist. (degC/m) ..       0.0000

          no hbdy.data file found ... continuing

          no bzin.data file found ... ok, continuing

          Original Burnett-Frind dispersion tensor


          longitudinal dispersivity (m):                 0.00000
          longitudinal transverse dispersivity (Lichtner):      0.20000
          transverse horizontal dispersivity:            0.20000
          transverse vertical   dispersivity:            0.20000
          molecular diffusion coef. (m^2/s):         0.10000E-08
          retardation for mass transport:                1.00000
          decay coef. for transport: (sec^-1)            0.00000
          agefx age growth term: (-):                    0.00000

          specified thermal parameters:
          ------------------------------
          fluid specific heat (J/kg/C):      0.419E+04
          fluid density (kg/m3):             0.100E+04
          ice specific heat:                 0.211E+04
          ice density                        0.920E+03
          water thermal conductivity (J/m/s/C):  0.580E+00
          ice thermal conductivity:              0.214E+01
          latent heat of water (J/kg):           0.000E+00

          parameters for functions Wu and kr in porous media:
          ---------------------------------------------------
          terminal unfrozen moisture content(p):    0.100E+00
          unfrozen moisture content curvature(q):   0.300E+01
          freezing front temperature (Ts):          0.000E+00
          relative permeability exponent omega:     0.100E+02
          unfrozen moisture content model# wu:          1
          relative permeability function model# kr:     2

          parameters for functions Wu and kr in fractures:
          ------------------------------------------------
          terminal unfrozen moisture content(p):    0.100E+00
          unfrozen moisture content curvature(q):   0.500E+01
          freezing front temperature (Ts):          0.000E+00
          relative permeability exponent omega:     0.000E+00
          unfrozen moisture content model# wu:          1
          relative permeability function model# kr:     2
              1  101    1    2    1   26  0.0000E+00  0.0000E+00   -1

          min/max temps :     0.00000E+00    0.00000E+00

          initial concentration conditions
             x1   x2   y1   y2   z1   z2    concentration range
              1  101    1    2    1   26  0.0000E+00  0.0000E+00   -1

          min/max concs :     0.00000E+00    0.00000E+00

          min/max temps along surface :     0.00000E+00    0.00000E+00

          using square-root thermal K weighting

          Initial limits for bulk thermal K of porous medium:
          minimum thermal K:    0.165E+01
          maximum thermal K:    0.165E+01

          derived thermal parameters (at tdays=0, ref temp for pf, element 1)
          (-999 = undefined)
          -----------------------------------------------------------------

          sat.   aquifer heat capacity (J/m3/C):   0.252E+07
          unsat. aquifer heat capacity:            0.210E+07
          aquifer thermal diffusivity (m2/s):      0.654E-06
          sat.   retardation coefficient:          0.301E+01
          unsat. retardation coefficient (top):    0.251E+01
          latent heat coefficient (L*p*ww):        0.000E+00
          ww: unfrozen water content:              0.200E+00
          wi:   frozen water content:              0.000E+00


          no slope_zt.data file found, continuing ...

          top bdy heads along top x-row adjusted for saltwater and slope:
              ix, node       x           conc.       u0(m)
               1    26  0.0000E+00  0.0000E+00  0.0000E+00
               2    52  0.0000E+00  0.0000E+00  0.0000E+00
               3    78  0.2000E+01  0.0000E+00  0.0000E+00
               4   104  0.2000E+01  0.0000E+00  0.0000E+00
               5   130  0.4000E+01  0.0000E+00  0.0000E+00
               6   156  0.4000E+01  0.0000E+00  0.0000E+00
               7   182  0.6000E+01  0.0000E+00  0.0000E+00
               8   208  0.6000E+01  0.0000E+00  0.0000E+00
               9   234  0.8000E+01  0.0000E+00  0.0000E+00
              10   260  0.8000E+01  0.0000E+00  0.0000E+00
              11   286  0.1000E+02  0.0000E+00  0.0000E+00
              12   312  0.1000E+02  0.0000E+00  0.0000E+00
              13   338  0.1200E+02  0.0000E+00  0.0000E+00
              14   364  0.1200E+02  0.0000E+00  0.0000E+00
              15   390  0.1400E+02  0.0000E+00  0.0000E+00
              16   416  0.1400E+02  0.0000E+00  0.0000E+00
              17   442  0.1600E+02  0.0000E+00  0.0000E+00
              18   468  0.1600E+02  0.0000E+00  0.0000E+00
              19   494  0.1800E+02  0.0000E+00  0.0000E+00
              20   520  0.1800E+02  0.0000E+00  0.0000E+00
              21   546  0.2000E+02  0.0000E+00  0.0000E+00
              22   572  0.2000E+02  0.0000E+00  0.0000E+00
              23   598  0.2200E+02  0.0000E+00  0.0000E+00
              24   624  0.2200E+02  0.0000E+00  0.0000E+00
              25   650  0.2400E+02  0.0000E+00  0.0000E+00
              26   676  0.2400E+02  0.0000E+00  0.0000E+00
              27   702  0.2600E+02  0.0000E+00  0.0000E+00
              28   728  0.2600E+02  0.0000E+00  0.0000E+00
              29   754  0.2800E+02  0.0000E+00  0.0000E+00
              30   780  0.2800E+02  0.0000E+00  0.0000E+00
              31   806  0.3000E+02  0.0000E+00  0.0000E+00
              32   832  0.3000E+02  0.0000E+00  0.0000E+00
              33   858  0.3200E+02  0.0000E+00  0.0000E+00
              34   884  0.3200E+02  0.0000E+00  0.0000E+00
              35   910  0.3400E+02  0.0000E+00  0.0000E+00
              36   936  0.3400E+02  0.0000E+00  0.0000E+00
              37   962  0.3600E+02  0.0000E+00  0.0000E+00
              38   988  0.3600E+02  0.0000E+00  0.0000E+00
              39  1014  0.3800E+02  0.0000E+00  0.0000E+00
              40  1040  0.3800E+02  0.0000E+00  0.0000E+00
              41  1066  0.4000E+02  0.0000E+00  0.0000E+00
              42  1092  0.4000E+02  0.0000E+00  0.0000E+00
              43  1118  0.4200E+02  0.0000E+00  0.0000E+00
              44  1144  0.4200E+02  0.0000E+00  0.0000E+00
              45  1170  0.4400E+02  0.0000E+00  0.0000E+00
              46  1196  0.4400E+02  0.0000E+00  0.0000E+00
              47  1222  0.4600E+02  0.0000E+00  0.0000E+00
              48  1248  0.4600E+02  0.0000E+00  0.0000E+00
              49  1274  0.4800E+02  0.0000E+00  0.0000E+00
              50  1300  0.4800E+02  0.0000E+00  0.0000E+00
              51  1326  0.5000E+02  0.0000E+00  0.0000E+00
              52  1352  0.5000E+02  0.0000E+00  0.0000E+00
              53  1378  0.5200E+02  0.0000E+00  0.0000E+00
              54  1404  0.5200E+02  0.0000E+00  0.0000E+00
              55  1430  0.5400E+02  0.0000E+00  0.0000E+00
              56  1456  0.5400E+02  0.0000E+00  0.0000E+00
              57  1482  0.5600E+02  0.0000E+00  0.0000E+00
              58  1508  0.5600E+02  0.0000E+00  0.0000E+00
              59  1534  0.5800E+02  0.0000E+00  0.0000E+00
              60  1560  0.5800E+02  0.0000E+00  0.0000E+00
              61  1586  0.6000E+02  0.0000E+00  0.0000E+00
              62  1612  0.6000E+02  0.0000E+00  0.0000E+00
              63  1638  0.6200E+02  0.0000E+00  0.0000E+00
              64  1664  0.6200E+02  0.0000E+00  0.0000E+00
              65  1690  0.6400E+02  0.0000E+00  0.0000E+00
              66  1716  0.6400E+02  0.0000E+00  0.0000E+00
              67  1742  0.6600E+02  0.0000E+00  0.0000E+00
              68  1768  0.6600E+02  0.0000E+00  0.0000E+00
              69  1794  0.6800E+02  0.0000E+00  0.0000E+00
              70  1820  0.6800E+02  0.0000E+00  0.0000E+00
              71  1846  0.7000E+02  0.0000E+00  0.0000E+00
              72  1872  0.7000E+02  0.0000E+00  0.0000E+00
              73  1898  0.7200E+02  0.0000E+00  0.0000E+00
              74  1924  0.7200E+02  0.0000E+00  0.0000E+00
              75  1950  0.7400E+02  0.0000E+00  0.0000E+00
              76  1976  0.7400E+02  0.0000E+00  0.0000E+00
              77  2002  0.7600E+02  0.0000E+00  0.0000E+00
              78  2028  0.7600E+02  0.0000E+00  0.0000E+00
              79  2054  0.7800E+02  0.0000E+00  0.0000E+00
              80  2080  0.7800E+02  0.0000E+00  0.0000E+00
              81  2106  0.8000E+02  0.0000E+00  0.0000E+00
              82  2132  0.8000E+02  0.0000E+00  0.0000E+00
              83  2158  0.8200E+02  0.0000E+00  0.0000E+00
              84  2184  0.8200E+02  0.0000E+00  0.0000E+00
              85  2210  0.8400E+02  0.0000E+00  0.0000E+00
              86  2236  0.8400E+02  0.0000E+00  0.0000E+00
              87  2262  0.8600E+02  0.0000E+00  0.0000E+00
              88  2288  0.8600E+02  0.0000E+00  0.0000E+00
              89  2314  0.8800E+02  0.0000E+00  0.0000E+00
              90  2340  0.8800E+02  0.0000E+00  0.0000E+00
              91  2366  0.9000E+02  0.0000E+00  0.0000E+00
              92  2392  0.9000E+02  0.0000E+00  0.0000E+00
              93  2418  0.9200E+02  0.0000E+00  0.0000E+00
              94  2444  0.9200E+02  0.0000E+00  0.0000E+00
              95  2470  0.9400E+02  0.0000E+00  0.0000E+00
              96  2496  0.9400E+02  0.0000E+00  0.0000E+00
              97  2522  0.9600E+02  0.0000E+00  0.0000E+00
              98  2548  0.9600E+02  0.0000E+00  0.0000E+00
              99  2574  0.9800E+02  0.0000E+00  0.0000E+00
             100  2600  0.9800E+02  0.0000E+00  0.0000E+00
             101  2626  0.1000E+03  0.0000E+00  0.0000E+00
             102  2652  0.1000E+03  0.0000E+00  0.0000E+00
             103  2678  0.1020E+03  0.0000E+00  0.0000E+00
             104  2704  0.1020E+03  0.0000E+00  0.0000E+00
             105  2730  0.1040E+03  0.0000E+00  0.0000E+00
             106  2756  0.1040E+03  0.0000E+00  0.0000E+00
             107  2782  0.1060E+03  0.0000E+00  0.0000E+00
             108  2808  0.1060E+03  0.0000E+00  0.0000E+00
             109  2834  0.1080E+03  0.0000E+00  0.0000E+00
             110  2860  0.1080E+03  0.0000E+00  0.0000E+00
             111  2886  0.1100E+03  0.0000E+00  0.0000E+00
             112  2912  0.1100E+03  0.0000E+00  0.0000E+00
             113  2938  0.1120E+03  0.0000E+00  0.0000E+00
             114  2964  0.1120E+03  0.0000E+00  0.0000E+00
             115  2990  0.1140E+03  0.0000E+00  0.0000E+00
             116  3016  0.1140E+03  0.0000E+00  0.0000E+00
             117  3042  0.1160E+03  0.0000E+00  0.0000E+00
             118  3068  0.1160E+03  0.0000E+00  0.0000E+00
             119  3094  0.1180E+03  0.0000E+00  0.0000E+00
             120  3120  0.1180E+03  0.0000E+00  0.0000E+00
             121  3146  0.1200E+03  0.0000E+00  0.0000E+00
             122  3172  0.1200E+03  0.0000E+00  0.0000E+00
             123  3198  0.1220E+03  0.0000E+00  0.0000E+00
             124  3224  0.1220E+03  0.0000E+00  0.0000E+00
             125  3250  0.1240E+03  0.0000E+00  0.0000E+00
             126  3276  0.1240E+03  0.0000E+00  0.0000E+00
             127  3302  0.1260E+03  0.0000E+00  0.0000E+00
             128  3328  0.1260E+03  0.0000E+00  0.0000E+00
             129  3354  0.1280E+03  0.0000E+00  0.0000E+00
             130  3380  0.1280E+03  0.0000E+00  0.0000E+00
             131  3406  0.1300E+03  0.0000E+00  0.0000E+00
             132  3432  0.1300E+03  0.0000E+00  0.0000E+00
             133  3458  0.1320E+03  0.0000E+00  0.0000E+00
             134  3484  0.1320E+03  0.0000E+00  0.0000E+00
             135  3510  0.1340E+03  0.0000E+00  0.0000E+00
             136  3536  0.1340E+03  0.0000E+00  0.0000E+00
             137  3562  0.1360E+03  0.0000E+00  0.0000E+00
             138  3588  0.1360E+03  0.0000E+00  0.0000E+00
             139  3614  0.1380E+03  0.0000E+00  0.0000E+00
             140  3640  0.1380E+03  0.0000E+00  0.0000E+00
             141  3666  0.1400E+03  0.0000E+00  0.0000E+00
             142  3692  0.1400E+03  0.0000E+00  0.0000E+00
             143  3718  0.1420E+03  0.0000E+00  0.0000E+00
             144  3744  0.1420E+03  0.0000E+00  0.0000E+00
             145  3770  0.1440E+03  0.0000E+00  0.0000E+00
             146  3796  0.1440E+03  0.0000E+00  0.0000E+00
             147  3822  0.1460E+03  0.0000E+00  0.0000E+00
             148  3848  0.1460E+03  0.0000E+00  0.0000E+00
             149  3874  0.1480E+03  0.0000E+00  0.0000E+00
             150  3900  0.1480E+03  0.0000E+00  0.0000E+00
             151  3926  0.1500E+03  0.0000E+00  0.0000E+00
             152  3952  0.1500E+03  0.0000E+00  0.0000E+00
             153  3978  0.1520E+03  0.0000E+00  0.0000E+00
             154  4004  0.1520E+03  0.0000E+00  0.0000E+00
             155  4030  0.1540E+03  0.0000E+00  0.0000E+00
             156  4056  0.1540E+03  0.0000E+00  0.0000E+00
             157  4082  0.1560E+03  0.0000E+00  0.0000E+00
             158  4108  0.1560E+03  0.0000E+00  0.0000E+00
             159  4134  0.1580E+03  0.0000E+00  0.0000E+00
             160  4160  0.1580E+03  0.0000E+00  0.0000E+00
             161  4186  0.1600E+03  0.0000E+00  0.0000E+00
             162  4212  0.1600E+03  0.0000E+00  0.0000E+00
             163  4238  0.1620E+03  0.0000E+00  0.0000E+00
             164  4264  0.1620E+03  0.0000E+00  0.0000E+00
             165  4290  0.1640E+03  0.0000E+00  0.0000E+00
             166  4316  0.1640E+03  0.0000E+00  0.0000E+00
             167  4342  0.1660E+03  0.0000E+00  0.0000E+00
             168  4368  0.1660E+03  0.0000E+00  0.0000E+00
             169  4394  0.1680E+03  0.0000E+00  0.0000E+00
             170  4420  0.1680E+03  0.0000E+00  0.0000E+00
             171  4446  0.1700E+03  0.0000E+00  0.0000E+00
             172  4472  0.1700E+03  0.0000E+00  0.0000E+00
             173  4498  0.1720E+03  0.0000E+00  0.0000E+00
             174  4524  0.1720E+03  0.0000E+00  0.0000E+00
             175  4550  0.1740E+03  0.0000E+00  0.0000E+00
             176  4576  0.1740E+03  0.0000E+00  0.0000E+00
             177  4602  0.1760E+03  0.0000E+00  0.0000E+00
             178  4628  0.1760E+03  0.0000E+00  0.0000E+00
             179  4654  0.1780E+03  0.0000E+00  0.0000E+00
             180  4680  0.1780E+03  0.0000E+00  0.0000E+00
             181  4706  0.1800E+03  0.0000E+00  0.0000E+00
             182  4732  0.1800E+03  0.0000E+00  0.0000E+00
             183  4758  0.1820E+03  0.0000E+00  0.0000E+00
             184  4784  0.1820E+03  0.0000E+00  0.0000E+00
             185  4810  0.1840E+03  0.0000E+00  0.0000E+00
             186  4836  0.1840E+03  0.0000E+00  0.0000E+00
             187  4862  0.1860E+03  0.0000E+00  0.0000E+00
             188  4888  0.1860E+03  0.0000E+00  0.0000E+00
             189  4914  0.1880E+03  0.0000E+00  0.0000E+00
             190  4940  0.1880E+03  0.0000E+00  0.0000E+00
             191  4966  0.1900E+03  0.0000E+00  0.0000E+00
             192  4992  0.1900E+03  0.0000E+00  0.0000E+00
             193  5018  0.1920E+03  0.0000E+00  0.0000E+00
             194  5044  0.1920E+03  0.0000E+00  0.0000E+00
             195  5070  0.1940E+03  0.0000E+00  0.0000E+00
             196  5096  0.1940E+03  0.0000E+00  0.0000E+00
             197  5122  0.1960E+03  0.0000E+00  0.0000E+00
             198  5148  0.1960E+03  0.0000E+00  0.0000E+00
             199  5174  0.1980E+03  0.0000E+00  0.0000E+00
             200  5200  0.1980E+03  0.0000E+00  0.0000E+00
             201  5226  0.2000E+03  0.0000E+00  0.0000E+00
             202  5252  0.2000E+03  0.0000E+00  0.0000E+00
             203  5278  0.2020E+03  0.0000E+00  0.0000E+00
             204  5304  0.2020E+03  0.0000E+00  0.0000E+00
             205  5330  0.2040E+03  0.0000E+00  0.0000E+00
             206  5356  0.2040E+03  0.0000E+00  0.0000E+00
             207  5382  0.2060E+03  0.0000E+00  0.0000E+00
             208  5408  0.2060E+03  0.0000E+00  0.0000E+00
             209  5434  0.2080E+03  0.0000E+00  0.0000E+00
             210  5460  0.2080E+03  0.0000E+00  0.0000E+00
             211  5486  0.2100E+03  0.0000E+00  0.0000E+00
             212  5512  0.2100E+03  0.0000E+00  0.0000E+00
             213  5538  0.2120E+03  0.0000E+00  0.0000E+00
             214  5564  0.2120E+03  0.0000E+00  0.0000E+00
             215  5590  0.2140E+03  0.0000E+00  0.0000E+00
             216  5616  0.2140E+03  0.0000E+00  0.0000E+00
             217  5642  0.2160E+03  0.0000E+00  0.0000E+00
             218  5668  0.2160E+03  0.0000E+00  0.0000E+00
             219  5694  0.2180E+03  0.0000E+00  0.0000E+00
             220  5720  0.2180E+03  0.0000E+00  0.0000E+00
             221  5746  0.2200E+03  0.0000E+00  0.0000E+00
             222  5772  0.2200E+03  0.0000E+00  0.0000E+00
             223  5798  0.2220E+03  0.0000E+00  0.0000E+00
             224  5824  0.2220E+03  0.0000E+00  0.0000E+00
             225  5850  0.2240E+03  0.0000E+00  0.0000E+00
             226  5876  0.2240E+03  0.0000E+00  0.0000E+00
             227  5902  0.2260E+03  0.0000E+00  0.0000E+00
             228  5928  0.2260E+03  0.0000E+00  0.0000E+00
             229  5954  0.2280E+03  0.0000E+00  0.0000E+00
             230  5980  0.2280E+03  0.0000E+00  0.0000E+00
             231  6006  0.2300E+03  0.0000E+00  0.0000E+00
             232  6032  0.2300E+03  0.0000E+00  0.0000E+00
             233  6058  0.2320E+03  0.0000E+00  0.0000E+00
             234  6084  0.2320E+03  0.0000E+00  0.0000E+00
             235  6110  0.2340E+03  0.0000E+00  0.0000E+00
             236  6136  0.2340E+03  0.0000E+00  0.0000E+00
             237  6162  0.2360E+03  0.0000E+00  0.0000E+00
             238  6188  0.2360E+03  0.0000E+00  0.0000E+00
             239  6214  0.2380E+03  0.0000E+00  0.0000E+00
             240  6240  0.2380E+03  0.0000E+00  0.0000E+00
             241  6266  0.2400E+03  0.0000E+00  0.0000E+00
             242  6292  0.2400E+03  0.0000E+00  0.0000E+00
             243  6318  0.2420E+03  0.0000E+00  0.0000E+00
             244  6344  0.2420E+03  0.0000E+00  0.0000E+00
             245  6370  0.2440E+03  0.0000E+00  0.0000E+00
             246  6396  0.2440E+03  0.0000E+00  0.0000E+00
             247  6422  0.2460E+03  0.0000E+00  0.0000E+00
             248  6448  0.2460E+03  0.0000E+00  0.0000E+00
             249  6474  0.2480E+03  0.0000E+00  0.0000E+00
             250  6500  0.2480E+03  0.0000E+00  0.0000E+00
             251  6526  0.2500E+03  0.0000E+00  0.0000E+00
             252  6552  0.2500E+03  0.0000E+00  0.0000E+00
             253  6578  0.2520E+03  0.0000E+00  0.0000E+00
             254  6604  0.2520E+03  0.0000E+00  0.0000E+00
             255  6630  0.2540E+03  0.0000E+00  0.0000E+00
             256  6656  0.2540E+03  0.0000E+00  0.0000E+00
             257  6682  0.2560E+03  0.0000E+00  0.0000E+00
             258  6708  0.2560E+03  0.0000E+00  0.0000E+00
             259  6734  0.2580E+03  0.0000E+00  0.0000E+00
             260  6760  0.2580E+03  0.0000E+00  0.0000E+00
             261  6786  0.2600E+03  0.0000E+00  0.0000E+00
             262  6812  0.2600E+03  0.0000E+00  0.0000E+00
             263  6838  0.2620E+03  0.0000E+00  0.0000E+00
             264  6864  0.2620E+03  0.0000E+00  0.0000E+00
             265  6890  0.2640E+03  0.0000E+00  0.0000E+00
             266  6916  0.2640E+03  0.0000E+00  0.0000E+00
             267  6942  0.2660E+03  0.0000E+00  0.0000E+00
             268  6968  0.2660E+03  0.0000E+00  0.0000E+00
             269  6994  0.2680E+03  0.0000E+00  0.0000E+00
             270  7020  0.2680E+03  0.0000E+00  0.0000E+00
             271  7046  0.2700E+03  0.0000E+00  0.0000E+00
             272  7072  0.2700E+03  0.0000E+00  0.0000E+00
             273  7098  0.2720E+03  0.0000E+00  0.0000E+00
             274  7124  0.2720E+03  0.0000E+00  0.0000E+00
             275  7150  0.2740E+03  0.0000E+00  0.0000E+00
             276  7176  0.2740E+03  0.0000E+00  0.0000E+00
             277  7202  0.2760E+03  0.0000E+00  0.0000E+00
             278  7228  0.2760E+03  0.0000E+00  0.0000E+00
             279  7254  0.2780E+03  0.0000E+00  0.0000E+00
             280  7280  0.2780E+03  0.0000E+00  0.0000E+00
             281  7306  0.2800E+03  0.0000E+00  0.0000E+00
             282  7332  0.2800E+03  0.0000E+00  0.0000E+00
             283  7358  0.2820E+03  0.0000E+00  0.0000E+00
             284  7384  0.2820E+03  0.0000E+00  0.0000E+00
             285  7410  0.2840E+03  0.0000E+00  0.0000E+00
             286  7436  0.2840E+03  0.0000E+00  0.0000E+00
             287  7462  0.2860E+03  0.0000E+00  0.0000E+00
             288  7488  0.2860E+03  0.0000E+00  0.0000E+00
             289  7514  0.2880E+03  0.0000E+00  0.0000E+00
             290  7540  0.2880E+03  0.0000E+00  0.0000E+00
             291  7566  0.2900E+03  0.0000E+00  0.0000E+00
             292  7592  0.2900E+03  0.0000E+00  0.0000E+00
             293  7618  0.2920E+03  0.0000E+00  0.0000E+00
             294  7644  0.2920E+03  0.0000E+00  0.0000E+00
             295  7670  0.2940E+03  0.0000E+00  0.0000E+00
             296  7696  0.2940E+03  0.0000E+00  0.0000E+00
             297  7722  0.2960E+03  0.0000E+00  0.0000E+00
             298  7748  0.2960E+03  0.0000E+00  0.0000E+00
             299  7774  0.2980E+03  0.0000E+00  0.0000E+00
             300  7800  0.2980E+03  0.0000E+00  0.0000E+00
             301  7826  0.3000E+03  0.0000E+00  0.0000E+00
             302  7852  0.3000E+03  0.0000E+00  0.0000E+00
             303  7878  0.3020E+03  0.0000E+00  0.0000E+00
             304  7904  0.3020E+03  0.0000E+00  0.0000E+00
             305  7930  0.3040E+03  0.0000E+00  0.0000E+00
             306  7956  0.3040E+03  0.0000E+00  0.0000E+00
             307  7982  0.3060E+03  0.0000E+00  0.0000E+00
             308  8008  0.3060E+03  0.0000E+00  0.0000E+00
             309  8034  0.3080E+03  0.0000E+00  0.0000E+00
             310  8060  0.3080E+03  0.0000E+00  0.0000E+00
             311  8086  0.3100E+03  0.0000E+00  0.0000E+00
             312  8112  0.3100E+03  0.0000E+00  0.0000E+00
             313  8138  0.3120E+03  0.0000E+00  0.0000E+00
             314  8164  0.3120E+03  0.0000E+00  0.0000E+00
             315  8190  0.3140E+03  0.0000E+00  0.0000E+00
             316  8216  0.3140E+03  0.0000E+00  0.0000E+00
             317  8242  0.3160E+03  0.0000E+00  0.0000E+00
             318  8268  0.3160E+03  0.0000E+00  0.0000E+00
             319  8294  0.3180E+03  0.0000E+00  0.0000E+00
             320  8320  0.3180E+03  0.0000E+00  0.0000E+00
             321  8346  0.3200E+03  0.0000E+00  0.0000E+00
             322  8372  0.3200E+03  0.0000E+00  0.0000E+00
             323  8398  0.3220E+03  0.0000E+00  0.0000E+00
             324  8424  0.3220E+03  0.0000E+00  0.0000E+00
             325  8450  0.3240E+03  0.0000E+00  0.0000E+00
             326  8476  0.3240E+03  0.0000E+00  0.0000E+00
             327  8502  0.3260E+03  0.0000E+00  0.0000E+00
             328  8528  0.3260E+03  0.0000E+00  0.0000E+00
             329  8554  0.3280E+03  0.0000E+00  0.0000E+00
             330  8580  0.3280E+03  0.0000E+00  0.0000E+00
             331  8606  0.3300E+03  0.0000E+00  0.0000E+00
             332  8632  0.3300E+03  0.0000E+00  0.0000E+00
             333  8658  0.3320E+03  0.0000E+00  0.0000E+00
             334  8684  0.3320E+03  0.0000E+00  0.0000E+00
             335  8710  0.3340E+03  0.0000E+00  0.0000E+00
             336  8736  0.3340E+03  0.0000E+00  0.0000E+00
             337  8762  0.3360E+03  0.0000E+00  0.0000E+00
             338  8788  0.3360E+03  0.0000E+00  0.0000E+00
             339  8814  0.3380E+03  0.0000E+00  0.0000E+00
             340  8840  0.3380E+03  0.0000E+00  0.0000E+00
             341  8866  0.3400E+03  0.0000E+00  0.0000E+00
             342  8892  0.3400E+03  0.0000E+00  0.0000E+00
             343  8918  0.3420E+03  0.0000E+00  0.0000E+00
             344  8944  0.3420E+03  0.0000E+00  0.0000E+00
             345  8970  0.3440E+03  0.0000E+00  0.0000E+00
             346  8996  0.3440E+03  0.0000E+00  0.0000E+00
             347  9022  0.3460E+03  0.0000E+00  0.0000E+00
             348  9048  0.3460E+03  0.0000E+00  0.0000E+00
             349  9074  0.3480E+03  0.0000E+00  0.0000E+00
             350  9100  0.3480E+03  0.0000E+00  0.0000E+00
             351  9126  0.3500E+03  0.0000E+00  0.0000E+00
             352  9152  0.3500E+03  0.0000E+00  0.0000E+00
             353  9178  0.3520E+03  0.0000E+00  0.0000E+00
             354  9204  0.3520E+03  0.0000E+00  0.0000E+00
             355  9230  0.3540E+03  0.0000E+00  0.0000E+00
             356  9256  0.3540E+03  0.0000E+00  0.0000E+00
             357  9282  0.3560E+03  0.0000E+00  0.0000E+00
             358  9308  0.3560E+03  0.0000E+00  0.0000E+00
             359  9334  0.3580E+03  0.0000E+00  0.0000E+00
             360  9360  0.3580E+03  0.0000E+00  0.0000E+00
             361  9386  0.3600E+03  0.0000E+00  0.0000E+00
             362  9412  0.3600E+03  0.0000E+00  0.0000E+00
             363  9438  0.3620E+03  0.0000E+00  0.0000E+00
             364  9464  0.3620E+03  0.0000E+00  0.0000E+00
             365  9490  0.3640E+03  0.0000E+00  0.0000E+00
             366  9516  0.3640E+03  0.0000E+00  0.0000E+00
             367  9542  0.3660E+03  0.0000E+00  0.0000E+00
             368  9568  0.3660E+03  0.0000E+00  0.0000E+00
             369  9594  0.3680E+03  0.0000E+00  0.0000E+00
             370  9620  0.3680E+03  0.0000E+00  0.0000E+00
             371  9646  0.3700E+03  0.0000E+00  0.0000E+00
             372  9672  0.3700E+03  0.0000E+00  0.0000E+00
             373  9698  0.3720E+03  0.0000E+00  0.0000E+00
             374  9724  0.3720E+03  0.0000E+00  0.0000E+00
             375  9750  0.3740E+03  0.0000E+00  0.0000E+00
             376  9776  0.3740E+03  0.0000E+00  0.0000E+00
             377  9802  0.3760E+03  0.0000E+00  0.0000E+00
             378  9828  0.3760E+03  0.0000E+00  0.0000E+00
             379  9854  0.3780E+03  0.0000E+00  0.0000E+00
             380  9880  0.3780E+03  0.0000E+00  0.0000E+00
             381  9906  0.3800E+03  0.0000E+00  0.0000E+00
             382  9932  0.3800E+03  0.0000E+00  0.0000E+00
             383  9958  0.3820E+03  0.0000E+00  0.0000E+00
             384  9984  0.3820E+03  0.0000E+00  0.0000E+00
             385 10010  0.3840E+03  0.0000E+00  0.0000E+00
             386 10036  0.3840E+03  0.0000E+00  0.0000E+00
             387 10062  0.3860E+03  0.0000E+00  0.0000E+00
             388 10088  0.3860E+03  0.0000E+00  0.0000E+00
             389 10114  0.3880E+03  0.0000E+00  0.0000E+00
             390 10140  0.3880E+03  0.0000E+00  0.0000E+00
             391 10166  0.3900E+03  0.0000E+00  0.0000E+00
             392 10192  0.3900E+03  0.0000E+00  0.0000E+00
             393 10218  0.3920E+03  0.0000E+00  0.0000E+00
             394 10244  0.3920E+03  0.0000E+00  0.0000E+00
             395 10270  0.3940E+03  0.0000E+00  0.0000E+00
             396 10296  0.3940E+03  0.0000E+00  0.0000E+00
             397 10322  0.3960E+03  0.0000E+00  0.0000E+00
             398 10348  0.3960E+03  0.0000E+00  0.0000E+00
             399 10374  0.3980E+03  0.0000E+00  0.0000E+00
             400 10400  0.3980E+03  0.0000E+00  0.0000E+00
             401 10426  0.4000E+03  0.0000E+00  0.0000E+00

          convergence criteria for pressure        :    0.01000
          convergence criteria for temperature     :    0.05000
          convergence criteria for watertable      :    0.01000
          convergence criteria for concentrations  :    0.01000
          iteration limit for non-linearity        :         10
          iteration limit for watertable mound     :         10


          extrapolation factor for heads:   1.00000
          extrapolation factor for temp.:   1.00000
          temperature search area for tpeak:   0.96000

          x-nodes for y/z contouring plane   :     0    0    0    0    0
          y-nodes for x/z contouring plane   :     1    0    0    0    0
          z-nodes for x/y contouring plane   :     0    0    0    0    0


          3D print times (days) ...
             0.100E+01   0.100E+04   0.100E+05   0.100E+06   0.200E+06

          reference temperature for heat: tref   :   0.0000E+00
          reference temperature for heat: tref2  :   0.0000E+00
          initial absolute heat content (wrt Tref):   0.0000E+00
          initial relative heat content (wrt t2mpa:   0.1376E+14


          time interval from  0.0000000E+00 to   0.2000000E+02
          time step dt =      0.1000000E+01 (days)
          ------------------------------------------------------------
          2d plot frequency =             1
          flow update frequency =         1
          3d plot frequency =          9999
          moment/tpeak frequency =     9999

          head increment at boundary (+/-) :      0.000
          recharge increment this interval (*):   1.000
          recharge temperature difference (wrt Tair)   0.000
          bzf multiplier for surface heat flux    1.000

          patch surface temp:      0     0     0     0    -999.000

          0 entry for internal source elements, continuing...

          heater column input data:
          total number of heater columns ....     0
          cumulative # of elements in all heater columns:     0
          total surface area of all heater columns ...   0.0000E+00
          total volume of all heater columns .........   0.0000E+00
          total heat flux over all columns (W) .......   0.0000E+00
          total flux/m length for all columns (W/m) ..   0.0000E+00

          revised source/sink nodes    2613 to    2626
          source/sink strength:        -0.3500E-04
                      temperature:      0.0000E+00
                      concentration:    0.0000E+00

          time step #     1    time =   0.1000000E+01 days
          #############################################

          beginning solution for time=    1.0000000000000000       days
          tide height htide ................    0.000E+00

          non-linear iteration # (kit):     0
          -----------------------------------
          flow solution complete 
          velocity solution complete at time=    0.100E+01 days
          vx(1),vx(ne) =    0.4015E-06  -0.3326E-03 vz(1),vz(ne) =    -0.4011E-06   -0.3323E-03
          mass transport(v2) solution complete at t=    0.100E+01 days
          dumx=  -0.3208E+02    dtmx=   0.0000E+00     dcmx=   0.6169E+00
          node of max. temp. change:       1 T =   0.00000E+00 z=   0.00
          node of max. conc. change:    3876 c =   0.61686E+00 z=   2.00
          dzmin/dzmax deformation (m) (+dzmax = thaw) :   0.00E+00  0.00E+00

          non-linear iteration # (kit):     1
          -----------------------------------
          flow solution complete 
          velocity solution complete at time=    0.100E+01 days
          vx(1),vx(ne) =    0.4015E-06  -0.3326E-03 vz(1),vz(ne) =    -0.4011E-06   -0.3323E-03
          mass transport(v2) solution complete at t=    0.100E+01 days
          dumx=   0.1258E+00    dtmx=   0.0000E+00     dcmx=   0.7127E-01
          node of max. temp. change:       1 T =   0.00000E+00 z=   0.00
          node of max. conc. change:    3849 c =   0.34903E+00 z=   0.00
          dzmin/dzmax deformation (m) (+dzmax = thaw) :   0.00E+00  0.00E+00

          non-linear iteration # (kit):     2
          -----------------------------------
          flow solution complete 
          velocity solution complete at time=    0.100E+01 days
          vx(1),vx(ne) =    0.4015E-06  -0.3326E-03 vz(1),vz(ne) =    -0.4011E-06   -0.3323E-03
          mass transport(v2) solution complete at t=    0.100E+01 days
          dumx=  -0.5506E-02    dtmx=   0.0000E+00     dcmx=   0.1325E-01
          node of max. temp. change:       1 T =   0.00000E+00 z=   0.00
          node of max. conc. change:    6423 c =   0.23434E+00 z=   0.00
          dzmin/dzmax deformation (m) (+dzmax = thaw) :   0.00E+00  0.00E+00

          non-linear iteration # (kit):     3
          -----------------------------------
          mass transport(v2) solution complete at t=    0.100E+01 days
          dumx=   0.0000E+00    dtmx=   0.0000E+00     dcmx=  -0.4115E-11
          node of max. temp. change:       1 T =   0.00000E+00 z=   0.00
          node of max. conc. change:    3875 c =   0.35166E+00 z=   0.00
          dzmin/dzmax deformation (m) (+dzmax = thaw) :   0.00E+00  0.00E+00
          thermal/concentration solution has converged in    3 iterations

          writing veloc2d files ...

          writing veloc2d files ...

          fluid volume injected  this step:    0.000E+00
          fluid volume withdrawn this step:   -0.423E+02
          plot time ...

          time step #     2    time =   0.2000000E+01 days
          #############################################

          beginning solution for time=    2.0000000000000000       days
          tide height htide ................    0.000E+00

          non-linear iteration # (kit):     0
          -----------------------------------
          flow solution complete 
          velocity solution complete at time=    0.200E+01 days
          vx(1),vx(ne) =    0.4015E-06  -0.3326E-03 vz(1),vz(ne) =    -0.4011E-06   -0.3323E-03
          mass transport(v2) solution complete at t=    0.200E+01 days
          dumx=   0.1668E-02    dtmx=   0.0000E+00     dcmx=   0.4295E+00
          node of max. temp. change:       1 T =   0.00000E+00 z=   0.00
          node of max. conc. change:    3798 c =   0.43524E+00 z=   2.00
          dzmin/dzmax deformation (m) (+dzmax = thaw) :   0.00E+00  0.00E+00

          non-linear iteration # (kit):     1
          -----------------------------------
          mass transport(v2) solution complete at t=    0.200E+01 days
          dumx=   0.0000E+00    dtmx=   0.0000E+00     dcmx=  -0.1253E-09
          node of max. temp. change:       1 T =   0.00000E+00 z=   0.00
          node of max. conc. change:    3799 c =   0.56127E-01 z=   4.00
          dzmin/dzmax deformation (m) (+dzmax = thaw) :   0.00E+00  0.00E+00
          thermal/concentration solution has converged in    1 iterations

          writing veloc2d files ...

          fluid volume injected  this step:    0.000E+00
          fluid volume withdrawn this step:   -0.423E+02
          plot time ...

          time step #     3    time =   0.3000000E+01 days
          #############################################

          beginning solution for time=    3.0000000000000000       days
          tide height htide ................    0.000E+00

          non-linear iteration # (kit):     0
          -----------------------------------
          flow solution complete 
          velocity solution complete at time=    0.300E+01 days
          vx(1),vx(ne) =    0.4015E-06  -0.3326E-03 vz(1),vz(ne) =    -0.4011E-06   -0.3323E-03
          mass transport(v2) solution complete at t=    0.300E+01 days
          dumx=   0.1186E+00    dtmx=   0.0000E+00     dcmx=   0.3719E+00
          node of max. temp. change:       1 T =   0.00000E+00 z=   0.00
          node of max. conc. change:    3745 c =   0.42538E+00 z=   0.00
          dzmin/dzmax deformation (m) (+dzmax = thaw) :   0.00E+00  0.00E+00

          non-linear iteration # (kit):     1
          -----------------------------------
          flow solution complete 
          velocity solution complete at time=    0.300E+01 days
          vx(1),vx(ne) =    0.4015E-06  -0.3326E-03 vz(1),vz(ne) =    -0.4011E-06   -0.3323E-03
          mass transport(v2) solution complete at t=    0.300E+01 days
          dumx=   0.1105E+00    dtmx=   0.0000E+00     dcmx=  -0.3218E-01
          node of max. temp. change:       1 T =   0.00000E+00 z=   0.00
          node of max. conc. change:    3746 c =   0.32026E+00 z=   2.00
          dzmin/dzmax deformation (m) (+dzmax = thaw) :   0.00E+00  0.00E+00

          non-linear iteration # (kit):     2
          -----------------------------------
          flow solution complete 
          velocity solution complete at time=    0.300E+01 days
          vx(1),vx(ne) =    0.4015E-06  -0.3326E-03 vz(1),vz(ne) =    -0.4011E-06   -0.3323E-03
          mass transport(v2) solution complete at t=    0.300E+01 days
          dumx=  -0.4244E-02    dtmx=   0.0000E+00     dcmx=  -0.8142E-02
          node of max. temp. change:       1 T =   0.00000E+00 z=   0.00
          node of max. conc. change:    3851 c =   0.10635E+00 z=   4.00
          dzmin/dzmax deformation (m) (+dzmax = thaw) :   0.00E+00  0.00E+00
          thermal/concentration solution has converged in    2 iterations

          writing veloc2d files ...
          total domain volume ...                 0.200E+05

          fluid volume injected  this step:    0.000E+00
          fluid volume withdrawn this step:   -0.423E+02
          plot time ...

          time step #     4    time =   0.4000000E+01 days
          #############################################

          beginning solution for time=    4.0000000000000000       days
          tide height htide ................    0.000E+00

          non-linear iteration # (kit):     0
          -----------------------------------
          flow solution complete 
          velocity solution complete at time=    0.400E+01 days
          vx(1),vx(ne) =    0.4015E-06  -0.3326E-03 vz(1),vz(ne) =    -0.4011E-06   -0.3323E-03
          mass transport(v2) solution complete at t=    0.400E+01 days
          dumx=  -0.6929E-03    dtmx=   0.0000E+00     dcmx=   0.3347E+00
          node of max. temp. change:       1 T =   0.00000E+00 z=   0.00
          node of max. conc. change:    3693 c =   0.40205E+00 z=   0.00
          dzmin/dzmax deformation (m) (+dzmax = thaw) :   0.00E+00  0.00E+00

          non-linear iteration # (kit):     1
          -----------------------------------
          mass transport(v2) solution complete at t=    0.400E+01 days
          dumx=   0.0000E+00    dtmx=   0.0000E+00     dcmx=  -0.1151E-09
          node of max. temp. change:       1 T =   0.00000E+00 z=   0.00
          node of max. conc. change:    3695 c =   0.41238E-01 z=   4.00
          dzmin/dzmax deformation (m) (+dzmax = thaw) :   0.00E+00  0.00E+00
          thermal/concentration solution has converged in    1 iterations

          writing veloc2d files ...

          fluid volume injected  this step:    0.000E+00
          fluid volume withdrawn this step:   -0.423E+02
          plot time ...

          time step #     5    time =   0.5000000E+01 days
          #############################################

          beginning solution for time=    5.0000000000000000       days
          tide height htide ................    0.000E+00

          non-linear iteration # (kit):     0
          -----------------------------------
          flow solution complete 
          velocity solution complete at time=    0.500E+01 days
          vx(1),vx(ne) =    0.4015E-06  -0.3326E-03 vz(1),vz(ne) =    -0.4011E-06   -0.3323E-03
          mass transport(v2) solution complete at t=    0.500E+01 days
          dumx=   0.1016E+00    dtmx=   0.0000E+00     dcmx=   0.3113E+00
          node of max. temp. change:       1 T =   0.00000E+00 z=   0.00
          node of max. conc. change:    3641 c =   0.35962E+00 z=   0.00
          dzmin/dzmax deformation (m) (+dzmax = thaw) :   0.00E+00  0.00E+00

          non-linear iteration # (kit):     1
          -----------------------------------
          flow solution complete 
          velocity solution complete at time=    0.500E+01 days
          vx(1),vx(ne) =    0.4015E-06  -0.3326E-03 vz(1),vz(ne) =    -0.4011E-06   -0.3323E-03
          mass transport(v2) solution complete at t=    0.500E+01 days
          dumx=   0.9731E-01    dtmx=   0.0000E+00     dcmx=  -0.2908E-01
          node of max. temp. change:       1 T =   0.00000E+00 z=   0.00
          node of max. conc. change:    3694 c =   0.46649E+00 z=   2.00
          dzmin/dzmax deformation (m) (+dzmax = thaw) :   0.00E+00  0.00E+00

          non-linear iteration # (kit):     2
          -----------------------------------
          flow solution complete 
          velocity solution complete at time=    0.500E+01 days
          vx(1),vx(ne) =    0.4015E-06  -0.3326E-03 vz(1),vz(ne) =    -0.4011E-06   -0.3323E-03
          mass transport(v2) solution complete at t=    0.500E+01 days
          dumx=  -0.3929E-02    dtmx=   0.0000E+00     dcmx=   0.4192E-02
          node of max. temp. change:       1 T =   0.00000E+00 z=   0.00
          node of max. conc. change:    3694 c =   0.47068E+00 z=   2.00
          dzmin/dzmax deformation (m) (+dzmax = thaw) :   0.00E+00  0.00E+00
          thermal/concentration solution has converged in    2 iterations

          writing veloc2d files ...
          total domain volume ...                 0.200E+05

          fluid volume injected  this step:    0.000E+00
          fluid volume withdrawn this step:   -0.423E+02
          plot time ...

          time step #     6    time =   0.6000000E+01 days
          #############################################

          beginning solution for time=    6.0000000000000000       days
          tide height htide ................    0.000E+00

          non-linear iteration # (kit):     0
          -----------------------------------
          flow solution complete 
          velocity solution complete at time=    0.600E+01 days
          vx(1),vx(ne) =    0.4015E-06  -0.3326E-03 vz(1),vz(ne) =    -0.4011E-06   -0.3323E-03
          mass transport(v2) solution complete at t=    0.600E+01 days
          dumx=  -0.4912E-03    dtmx=   0.0000E+00     dcmx=   0.2648E+00
          node of max. temp. change:       1 T =   0.00000E+00 z=   0.00
          node of max. conc. change:    3589 c =   0.31342E+00 z=   0.00
          dzmin/dzmax deformation (m) (+dzmax = thaw) :   0.00E+00  0.00E+00

          non-linear iteration # (kit):     1
          -----------------------------------
          mass transport(v2) solution complete at t=    0.600E+01 days
          dumx=   0.0000E+00    dtmx=   0.0000E+00     dcmx=  -0.8189E-10
          node of max. temp. change:       1 T =   0.00000E+00 z=   0.00
          node of max. conc. change:    3591 c =   0.29652E-01 z=   4.00
          dzmin/dzmax deformation (m) (+dzmax = thaw) :   0.00E+00  0.00E+00
          thermal/concentration solution has converged in    1 iterations

          writing veloc2d files ...

          fluid volume injected  this step:    0.000E+00
          fluid volume withdrawn this step:   -0.423E+02
          plot time ...

          time step #     7    time =   0.7000000E+01 days
          #############################################

          beginning solution for time=    7.0000000000000000       days
          tide height htide ................    0.000E+00

          non-linear iteration # (kit):     0
          -----------------------------------
          flow solution complete 
          velocity solution complete at time=    0.700E+01 days
          vx(1),vx(ne) =    0.4015E-06  -0.3326E-03 vz(1),vz(ne) =    -0.4011E-06   -0.3323E-03
          mass transport(v2) solution complete at t=    0.700E+01 days
          dumx=   0.9299E-01    dtmx=   0.0000E+00     dcmx=   0.2370E+00
          node of max. temp. change:       1 T =   0.00000E+00 z=   0.00
          node of max. conc. change:    3589 c =   0.55040E+00 z=   0.00
          dzmin/dzmax deformation (m) (+dzmax = thaw) :   0.00E+00  0.00E+00

          non-linear iteration # (kit):     1
          -----------------------------------
          flow solution complete 
          velocity solution complete at time=    0.700E+01 days
          vx(1),vx(ne) =    0.4015E-06  -0.3326E-03 vz(1),vz(ne) =    -0.4011E-06   -0.3323E-03
          mass transport(v2) solution complete at t=    0.700E+01 days
          dumx=   0.8955E-01    dtmx=   0.0000E+00     dcmx=  -0.2284E-01
          node of max. temp. change:       1 T =   0.00000E+00 z=   0.00
          node of max. conc. change:    3590 c =   0.37812E+00 z=   2.00
          dzmin/dzmax deformation (m) (+dzmax = thaw) :   0.00E+00  0.00E+00

          non-linear iteration # (kit):     2
          -----------------------------------
          flow solution complete 
          velocity solution complete at time=    0.700E+01 days
          vx(1),vx(ne) =    0.4015E-06  -0.3326E-03 vz(1),vz(ne) =    -0.4011E-06   -0.3323E-03
          mass transport(v2) solution complete at t=    0.700E+01 days
          dumx=  -0.3230E-02    dtmx=   0.0000E+00     dcmx=   0.3263E-02
          node of max. temp. change:       1 T =   0.00000E+00 z=   0.00
          node of max. conc. change:    3590 c =   0.38139E+00 z=   2.00
          dzmin/dzmax deformation (m) (+dzmax = thaw) :   0.00E+00  0.00E+00
          thermal/concentration solution has converged in    2 iterations

          writing veloc2d files ...
          total domain volume ...                 0.200E+05

          fluid volume injected  this step:    0.000E+00
          fluid volume withdrawn this step:   -0.423E+02
          plot time ...

          time step #     8    time =   0.8000000E+01 days
          #############################################

          beginning solution for time=    8.0000000000000000       days
          tide height htide ................    0.000E+00

          non-linear iteration # (kit):     0
          -----------------------------------
          flow solution complete 
          velocity solution complete at time=    0.800E+01 days
          vx(1),vx(ne) =    0.4015E-06  -0.3326E-03 vz(1),vz(ne) =    -0.4011E-06   -0.3323E-03
          mass transport(v2) solution complete at t=    0.800E+01 days
          dumx=   0.3978E-03    dtmx=   0.0000E+00     dcmx=   0.2237E+00
          node of max. temp. change:       1 T =   0.00000E+00 z=   0.00
          node of max. conc. change:    3537 c =   0.49493E+00 z=   0.00
          dzmin/dzmax deformation (m) (+dzmax = thaw) :   0.00E+00  0.00E+00

          non-linear iteration # (kit):     1
          -----------------------------------
          mass transport(v2) solution complete at t=    0.800E+01 days
          dumx=   0.0000E+00    dtmx=   0.0000E+00     dcmx=  -0.6713E-10
          node of max. temp. change:       1 T =   0.00000E+00 z=   0.00
          node of max. conc. change:    3539 c =   0.85198E-01 z=   4.00
          dzmin/dzmax deformation (m) (+dzmax = thaw) :   0.00E+00  0.00E+00
          thermal/concentration solution has converged in    1 iterations

          writing veloc2d files ...

          fluid volume injected  this step:    0.000E+00
          fluid volume withdrawn this step:   -0.423E+02
          plot time ...

          time step #     9    time =   0.9000000E+01 days
          #############################################

          beginning solution for time=    9.0000000000000000       days
          tide height htide ................    0.000E+00

          non-linear iteration # (kit):     0
          -----------------------------------
          flow solution complete 
          velocity solution complete at time=    0.900E+01 days
          vx(1),vx(ne) =    0.4015E-06  -0.3326E-03 vz(1),vz(ne) =    -0.4011E-06   -0.3323E-03
          mass transport(v2) solution complete at t=    0.900E+01 days
          dumx=   0.8504E-01    dtmx=   0.0000E+00     dcmx=   0.2290E+00
          node of max. temp. change:       1 T =   0.00000E+00 z=   0.00
          node of max. conc. change:    3485 c =   0.44318E+00 z=   0.00
          dzmin/dzmax deformation (m) (+dzmax = thaw) :   0.00E+00  0.00E+00

          non-linear iteration # (kit):     1
          -----------------------------------
          flow solution complete 
          velocity solution complete at time=    0.900E+01 days
          vx(1),vx(ne) =    0.4015E-06  -0.3326E-03 vz(1),vz(ne) =    -0.4011E-06   -0.3323E-03
          mass transport(v2) solution complete at t=    0.900E+01 days
          dumx=   0.8174E-01    dtmx=   0.0000E+00     dcmx=   0.1604E-01
          node of max. temp. change:       1 T =   0.00000E+00 z=   0.00
          node of max. conc. change:    3433 c =   0.17522E+00 z=   0.00
          dzmin/dzmax deformation (m) (+dzmax = thaw) :   0.00E+00  0.00E+00

          non-linear iteration # (kit):     2
          -----------------------------------
          flow solution complete 
          velocity solution complete at time=    0.900E+01 days
          vx(1),vx(ne) =    0.4015E-06  -0.3326E-03 vz(1),vz(ne) =    -0.4011E-06   -0.3323E-03
          mass transport(v2) solution complete at t=    0.900E+01 days
          dumx=  -0.2306E-02    dtmx=   0.0000E+00     dcmx=   0.1878E-02
          node of max. temp. change:       1 T =   0.00000E+00 z=   0.00
          node of max. conc. change:    3486 c =   0.30242E+00 z=   2.00
          dzmin/dzmax deformation (m) (+dzmax = thaw) :   0.00E+00  0.00E+00
          thermal/concentration solution has converged in    2 iterations

          writing veloc2d files ...
          total domain volume ...                 0.200E+05

          fluid volume injected  this step:    0.000E+00
          fluid volume withdrawn this step:   -0.423E+02
          plot time ...

          time step #    10    time =   0.1000000E+02 days
          #############################################

          beginning solution for time=    10.000000000000000       days
          tide height htide ................    0.000E+00

          non-linear iteration # (kit):     0
          -----------------------------------
          flow solution complete 
          velocity solution complete at time=    0.100E+02 days
          vx(1),vx(ne) =    0.4015E-06  -0.3326E-03 vz(1),vz(ne) =    -0.4011E-06   -0.3323E-03
          mass transport(v2) solution complete at t=    0.100E+02 days
          dumx=   0.2749E-03    dtmx=   0.0000E+00     dcmx=   0.2110E+00
          node of max. temp. change:       1 T =   0.00000E+00 z=   0.00
          node of max. conc. change:    3433 c =   0.38514E+00 z=   0.00
          dzmin/dzmax deformation (m) (+dzmax = thaw) :   0.00E+00  0.00E+00

          non-linear iteration # (kit):     1
          -----------------------------------
          mass transport(v2) solution complete at t=    0.100E+02 days
          dumx=   0.0000E+00    dtmx=   0.0000E+00     dcmx=  -0.5058E-10
          node of max. temp. change:       1 T =   0.00000E+00 z=   0.00
          node of max. conc. change:    3435 c =   0.62637E-01 z=   4.00
          dzmin/dzmax deformation (m) (+dzmax = thaw) :   0.00E+00  0.00E+00
          thermal/concentration solution has converged in    1 iterations

          writing veloc2d files ...

          fluid volume injected  this step:    0.000E+00
          fluid volume withdrawn this step:   -0.423E+02
          plot time ...

          time step #    11    time =   0.1100000E+02 days
          #############################################

          beginning solution for time=    11.000000000000000       days
          tide height htide ................    0.000E+00

          non-linear iteration # (kit):     0
          -----------------------------------
          flow solution complete 
          velocity solution complete at time=    0.110E+02 days
          vx(1),vx(ne) =    0.4015E-06  -0.3326E-03 vz(1),vz(ne) =    -0.4011E-06   -0.3323E-03
          mass transport(v2) solution complete at t=    0.110E+02 days
          dumx=   0.7658E-01    dtmx=   0.0000E+00     dcmx=   0.2078E+00
          node of max. temp. change:       1 T =   0.00000E+00 z=   0.00
          node of max. conc. change:    3381 c =   0.32612E+00 z=   0.00
          dzmin/dzmax deformation (m) (+dzmax = thaw) :   0.00E+00  0.00E+00

          non-linear iteration # (kit):     1
          -----------------------------------
          flow solution complete 
          velocity solution complete at time=    0.110E+02 days
          vx(1),vx(ne) =    0.4015E-06  -0.3326E-03 vz(1),vz(ne) =    -0.4011E-06   -0.3323E-03
          mass transport(v2) solution complete at t=    0.110E+02 days
          dumx=   0.7214E-01    dtmx=   0.0000E+00     dcmx=   0.1425E-01
          node of max. temp. change:       1 T =   0.00000E+00 z=   0.00
          node of max. conc. change:    3329 c =   0.85783E-01 z=   0.00
          dzmin/dzmax deformation (m) (+dzmax = thaw) :   0.00E+00  0.00E+00

          non-linear iteration # (kit):     2
          -----------------------------------
          flow solution complete 
          velocity solution complete at time=    0.110E+02 days
          vx(1),vx(ne) =    0.4015E-06  -0.3326E-03 vz(1),vz(ne) =    -0.4011E-06   -0.3323E-03
          mass transport(v2) solution complete at t=    0.110E+02 days
          dumx=  -0.2101E-02    dtmx=   0.0000E+00     dcmx=   0.1343E-02
          node of max. temp. change:       1 T =   0.00000E+00 z=   0.00
          node of max. conc. change:    3434 c =   0.38308E+00 z=   2.00
          dzmin/dzmax deformation (m) (+dzmax = thaw) :   0.00E+00  0.00E+00
          thermal/concentration solution has converged in    2 iterations

          writing veloc2d files ...
          total domain volume ...                 0.200E+05

          fluid volume injected  this step:    0.000E+00
          fluid volume withdrawn this step:   -0.423E+02
          plot time ...

          time step #    12    time =   0.1200000E+02 days
          #############################################

          beginning solution for time=    12.000000000000000       days
          tide height htide ................    0.000E+00

          non-linear iteration # (kit):     0
          -----------------------------------
          flow solution complete 
          velocity solution complete at time=    0.120E+02 days
          vx(1),vx(ne) =    0.4015E-06  -0.3326E-03 vz(1),vz(ne) =    -0.4011E-06   -0.3323E-03
          mass transport(v2) solution complete at t=    0.120E+02 days
          dumx=   0.1987E-03    dtmx=   0.0000E+00     dcmx=   0.1793E+00
          node of max. temp. change:       1 T =   0.00000E+00 z=   0.00
          node of max. conc. change:    3329 c =   0.26438E+00 z=   0.00
          dzmin/dzmax deformation (m) (+dzmax = thaw) :   0.00E+00  0.00E+00

          non-linear iteration # (kit):     1
          -----------------------------------
          mass transport(v2) solution complete at t=    0.120E+02 days
          dumx=   0.0000E+00    dtmx=   0.0000E+00     dcmx=  -0.4038E-10
          node of max. temp. change:       1 T =   0.00000E+00 z=   0.00
          node of max. conc. change:    3407 c =   0.47326E+00 z=   0.00
          dzmin/dzmax deformation (m) (+dzmax = thaw) :   0.00E+00  0.00E+00
          thermal/concentration solution has converged in    1 iterations

          writing veloc2d files ...

          fluid volume injected  this step:    0.000E+00
          fluid volume withdrawn this step:   -0.423E+02
          plot time ...

          time step #    13    time =   0.1300000E+02 days
          #############################################

          beginning solution for time=    13.000000000000000       days
          tide height htide ................    0.000E+00

          non-linear iteration # (kit):     0
          -----------------------------------
          flow solution complete 
          velocity solution complete at time=    0.130E+02 days
          vx(1),vx(ne) =    0.4015E-06  -0.3326E-03 vz(1),vz(ne) =    -0.4011E-06   -0.3323E-03
          mass transport(v2) solution complete at t=    0.130E+02 days
          dumx=   0.7139E-01    dtmx=   0.0000E+00     dcmx=   0.1599E+00
          node of max. temp. change:       1 T =   0.00000E+00 z=   0.00
          node of max. conc. change:    3355 c =   0.42426E+00 z=   0.00
          dzmin/dzmax deformation (m) (+dzmax = thaw) :   0.00E+00  0.00E+00

          non-linear iteration # (kit):     1
          -----------------------------------
          flow solution complete 
          velocity solution complete at time=    0.130E+02 days
          vx(1),vx(ne) =    0.4015E-06  -0.3326E-03 vz(1),vz(ne) =    -0.4011E-06   -0.3323E-03
          mass transport(v2) solution complete at t=    0.130E+02 days
          dumx=   0.7034E-01    dtmx=   0.0000E+00     dcmx=  -0.1001E-01
          node of max. temp. change:       1 T =   0.00000E+00 z=   0.00
          node of max. conc. change:    3330 c =   0.30613E+00 z=   2.00
          dzmin/dzmax deformation (m) (+dzmax = thaw) :   0.00E+00  0.00E+00

          non-linear iteration # (kit):     2
          -----------------------------------
          flow solution complete 
          velocity solution complete at time=    0.130E+02 days
          vx(1),vx(ne) =    0.4015E-06  -0.3326E-03 vz(1),vz(ne) =    -0.4011E-06   -0.3323E-03
          mass transport(v2) solution complete at t=    0.130E+02 days
          dumx=  -0.1557E-02    dtmx=   0.0000E+00     dcmx=   0.1060E-02
          node of max. temp. change:       1 T =   0.00000E+00 z=   0.00
          node of max. conc. change:    3330 c =   0.30719E+00 z=   2.00
          dzmin/dzmax deformation (m) (+dzmax = thaw) :   0.00E+00  0.00E+00
          thermal/concentration solution has converged in    2 iterations

          writing veloc2d files ...
          total domain volume ...                 0.200E+05

          fluid volume injected  this step:    0.000E+00
          fluid volume withdrawn this step:   -0.423E+02
          plot time ...

          time step #    14    time =   0.1400000E+02 days
          #############################################

          beginning solution for time=    14.000000000000000       days
          tide height htide ................    0.000E+00

          non-linear iteration # (kit):     0
          -----------------------------------
          flow solution complete 
          velocity solution complete at time=    0.140E+02 days
          vx(1),vx(ne) =    0.4015E-06  -0.3326E-03 vz(1),vz(ne) =    -0.4011E-06   -0.3323E-03
          mass transport(v2) solution complete at t=    0.140E+02 days
          dumx=   0.1508E-03    dtmx=   0.0000E+00     dcmx=   0.1610E+00
          node of max. temp. change:       1 T =   0.00000E+00 z=   0.00
          node of max. conc. change:    3277 c =   0.36755E+00 z=   0.00
          dzmin/dzmax deformation (m) (+dzmax = thaw) :   0.00E+00  0.00E+00

          non-linear iteration # (kit):     1
          -----------------------------------
          mass transport(v2) solution complete at t=    0.140E+02 days
          dumx=   0.0000E+00    dtmx=   0.0000E+00     dcmx=  -0.2700E-10
          node of max. temp. change:       1 T =   0.00000E+00 z=   0.00
          node of max. conc. change:    3303 c =   0.36755E+00 z=   0.00
          dzmin/dzmax deformation (m) (+dzmax = thaw) :   0.00E+00  0.00E+00
          thermal/concentration solution has converged in    1 iterations

          writing veloc2d files ...

          fluid volume injected  this step:    0.000E+00
          fluid volume withdrawn this step:   -0.423E+02
          plot time ...

          time step #    15    time =   0.1500000E+02 days
          #############################################

          beginning solution for time=    15.000000000000000       days
          tide height htide ................    0.000E+00

          non-linear iteration # (kit):     0
          -----------------------------------
          flow solution complete 
          velocity solution complete at time=    0.150E+02 days
          vx(1),vx(ne) =    0.4015E-06  -0.3326E-03 vz(1),vz(ne) =    -0.4011E-06   -0.3323E-03
          mass transport(v2) solution complete at t=    0.150E+02 days
          dumx=   0.6728E-01    dtmx=   0.0000E+00     dcmx=   0.1670E+00
          node of max. temp. change:       1 T =   0.00000E+00 z=   0.00
          node of max. conc. change:    3225 c =   0.30416E+00 z=   0.00
          dzmin/dzmax deformation (m) (+dzmax = thaw) :   0.00E+00  0.00E+00

          non-linear iteration # (kit):     1
          -----------------------------------
          flow solution complete 
          velocity solution complete at time=    0.150E+02 days
          vx(1),vx(ne) =    0.4015E-06  -0.3326E-03 vz(1),vz(ne) =    -0.4011E-06   -0.3323E-03
          mass transport(v2) solution complete at t=    0.150E+02 days
          dumx=   0.6393E-01    dtmx=   0.0000E+00     dcmx=   0.1298E-01
          node of max. temp. change:       1 T =   0.00000E+00 z=   0.00
          node of max. conc. change:    3173 c =   0.85790E-01 z=   0.00
          dzmin/dzmax deformation (m) (+dzmax = thaw) :   0.00E+00  0.00E+00

          non-linear iteration # (kit):     2
          -----------------------------------
          flow solution complete 
          velocity solution complete at time=    0.150E+02 days
          vx(1),vx(ne) =    0.4015E-06  -0.3326E-03 vz(1),vz(ne) =    -0.4011E-06   -0.3323E-03
          mass transport(v2) solution complete at t=    0.150E+02 days
          dumx=  -0.1555E-02    dtmx=   0.0000E+00     dcmx=   0.8187E-03
          node of max. temp. change:       1 T =   0.00000E+00 z=   0.00
          node of max. conc. change:    3278 c =   0.36150E+00 z=   2.00
          dzmin/dzmax deformation (m) (+dzmax = thaw) :   0.00E+00  0.00E+00
          thermal/concentration solution has converged in    2 iterations

          writing veloc2d files ...
          total domain volume ...                 0.200E+05

          fluid volume injected  this step:    0.000E+00
          fluid volume withdrawn this step:   -0.423E+02
          plot time ...

          time step #    16    time =   0.1600000E+02 days
          #############################################

          beginning solution for time=    16.000000000000000       days
          tide height htide ................    0.000E+00

          non-linear iteration # (kit):     0
          -----------------------------------
          flow solution complete 
          velocity solution complete at time=    0.160E+02 days
          vx(1),vx(ne) =    0.4015E-06  -0.3326E-03 vz(1),vz(ne) =    -0.4011E-06   -0.3323E-03
          mass transport(v2) solution complete at t=    0.160E+02 days
          dumx=   0.1325E-03    dtmx=   0.0000E+00     dcmx=   0.1474E+00
          node of max. temp. change:       1 T =   0.00000E+00 z=   0.00
          node of max. conc. change:    3199 c =   0.23261E+00 z=   0.00
          dzmin/dzmax deformation (m) (+dzmax = thaw) :   0.00E+00  0.00E+00

          non-linear iteration # (kit):     1
          -----------------------------------
          mass transport(v2) solution complete at t=    0.160E+02 days
          dumx=   0.0000E+00    dtmx=   0.0000E+00     dcmx=  -0.2144E-10
          node of max. temp. change:       1 T =   0.00000E+00 z=   0.00
          node of max. conc. change:    3251 c =   0.42481E+00 z=   0.00
          dzmin/dzmax deformation (m) (+dzmax = thaw) :   0.00E+00  0.00E+00
          thermal/concentration solution has converged in    1 iterations

          writing veloc2d files ...

          fluid volume injected  this step:    0.000E+00
          fluid volume withdrawn this step:   -0.423E+02
          plot time ...

          time step #    17    time =   0.1700000E+02 days
          #############################################

          beginning solution for time=    17.000000000000000       days
          tide height htide ................    0.000E+00

          non-linear iteration # (kit):     0
          -----------------------------------
          flow solution complete 
          velocity solution complete at time=    0.170E+02 days
          vx(1),vx(ne) =    0.4015E-06  -0.3326E-03 vz(1),vz(ne) =    -0.4011E-06   -0.3323E-03
          mass transport(v2) solution complete at t=    0.170E+02 days
          dumx=   0.6405E-01    dtmx=   0.0000E+00     dcmx=   0.1381E+00
          node of max. temp. change:       1 T =   0.00000E+00 z=   0.00
          node of max. conc. change:    3199 c =   0.37071E+00 z=   0.00
          dzmin/dzmax deformation (m) (+dzmax = thaw) :   0.00E+00  0.00E+00

          non-linear iteration # (kit):     1
          -----------------------------------
          flow solution complete 
          velocity solution complete at time=    0.170E+02 days
          vx(1),vx(ne) =    0.4015E-06  -0.3326E-03 vz(1),vz(ne) =    -0.4011E-06   -0.3323E-03
          mass transport(v2) solution complete at t=    0.170E+02 days
          dumx=   0.6316E-01    dtmx=   0.0000E+00     dcmx=   0.1135E-01
          node of max. temp. change:       1 T =   0.00000E+00 z=   0.00
          node of max. conc. change:    3147 c =   0.16271E+00 z=   0.00
          dzmin/dzmax deformation (m) (+dzmax = thaw) :   0.00E+00  0.00E+00

          non-linear iteration # (kit):     2
          -----------------------------------
          flow solution complete 
          velocity solution complete at time=    0.170E+02 days
          vx(1),vx(ne) =    0.4015E-06  -0.3326E-03 vz(1),vz(ne) =    -0.4011E-06   -0.3323E-03
          mass transport(v2) solution complete at t=    0.170E+02 days
          dumx=  -0.1362E-02    dtmx=   0.0000E+00     dcmx=  -0.8230E-03
          node of max. temp. change:       1 T =   0.00000E+00 z=   0.00
          node of max. conc. change:    3147 c =   0.16189E+00 z=   0.00
          dzmin/dzmax deformation (m) (+dzmax = thaw) :   0.00E+00  0.00E+00
          thermal/concentration solution has converged in    2 iterations

          writing veloc2d files ...
          total domain volume ...                 0.200E+05

          fluid volume injected  this step:    0.000E+00
          fluid volume withdrawn this step:   -0.423E+02
          plot time ...

          time step #    18    time =   0.1800000E+02 days
          #############################################

          beginning solution for time=    18.000000000000000       days
          tide height htide ................    0.000E+00

          non-linear iteration # (kit):     0
          -----------------------------------
          flow solution complete 
          velocity solution complete at time=    0.180E+02 days
          vx(1),vx(ne) =    0.4015E-06  -0.3326E-03 vz(1),vz(ne) =    -0.4011E-06   -0.3323E-03
          mass transport(v2) solution complete at t=    0.180E+02 days
          dumx=   0.1122E-03    dtmx=   0.0000E+00     dcmx=   0.1415E+00
          node of max. temp. change:       1 T =   0.00000E+00 z=   0.00
          node of max. conc. change:    3147 c =   0.30334E+00 z=   0.00
          dzmin/dzmax deformation (m) (+dzmax = thaw) :   0.00E+00  0.00E+00

          non-linear iteration # (kit):     1
          -----------------------------------
          mass transport(v2) solution complete at t=    0.180E+02 days
          dumx=   0.0000E+00    dtmx=   0.0000E+00     dcmx=  -0.1437E-10
          node of max. temp. change:       1 T =   0.00000E+00 z=   0.00
          node of max. conc. change:    3199 c =   0.45385E+00 z=   0.00
          dzmin/dzmax deformation (m) (+dzmax = thaw) :   0.00E+00  0.00E+00
          thermal/concentration solution has converged in    1 iterations

          writing veloc2d files ...

          fluid volume injected  this step:    0.000E+00
          fluid volume withdrawn this step:   -0.423E+02
          plot time ...

          time step #    19    time =   0.1900000E+02 days
          #############################################

          beginning solution for time=    19.000000000000000       days
          tide height htide ................    0.000E+00

          non-linear iteration # (kit):     0
          -----------------------------------
          flow solution complete 
          velocity solution complete at time=    0.190E+02 days
          vx(1),vx(ne) =    0.4015E-06  -0.3326E-03 vz(1),vz(ne) =    -0.4011E-06   -0.3323E-03
          mass transport(v2) solution complete at t=    0.190E+02 days
          dumx=   0.5953E-01    dtmx=   0.0000E+00     dcmx=   0.1379E+00
          node of max. temp. change:       1 T =   0.00000E+00 z=   0.00
          node of max. conc. change:    3095 c =   0.21766E+00 z=   0.00
          dzmin/dzmax deformation (m) (+dzmax = thaw) :   0.00E+00  0.00E+00

          non-linear iteration # (kit):     1
          -----------------------------------
          flow solution complete 
          velocity solution complete at time=    0.190E+02 days
          vx(1),vx(ne) =    0.4015E-06  -0.3326E-03 vz(1),vz(ne) =    -0.4011E-06   -0.3323E-03
          mass transport(v2) solution complete at t=    0.190E+02 days
          dumx=   0.6038E-01    dtmx=   0.0000E+00     dcmx=   0.8670E-02
          node of max. temp. change:       1 T =   0.00000E+00 z=   0.00
          node of max. conc. change:    3043 c =   0.28548E-01 z=   0.00
          dzmin/dzmax deformation (m) (+dzmax = thaw) :   0.00E+00  0.00E+00

          non-linear iteration # (kit):     2
          -----------------------------------
          flow solution complete 
          velocity solution complete at time=    0.190E+02 days
          vx(1),vx(ne) =    0.4015E-06  -0.3326E-03 vz(1),vz(ne) =    -0.4011E-06   -0.3323E-03
          mass transport(v2) solution complete at t=    0.190E+02 days
          dumx=  -0.1150E-02    dtmx=   0.0000E+00     dcmx=  -0.7586E-03
          node of max. temp. change:       1 T =   0.00000E+00 z=   0.00
          node of max. conc. change:    3095 c =   0.22375E+00 z=   0.00
          dzmin/dzmax deformation (m) (+dzmax = thaw) :   0.00E+00  0.00E+00
          thermal/concentration solution has converged in    2 iterations

          writing veloc2d files ...
          total domain volume ...                 0.200E+05

          fluid volume injected  this step:    0.000E+00
          fluid volume withdrawn this step:   -0.423E+02
          plot time ...

          time step #    20    time =   0.2000000E+02 days
          #############################################

          beginning solution for time=    20.000000000000000       days
          tide height htide ................    0.000E+00

          non-linear iteration # (kit):     0
          -----------------------------------
          flow solution complete 
          velocity solution complete at time=    0.200E+02 days
          vx(1),vx(ne) =    0.4015E-06  -0.3326E-03 vz(1),vz(ne) =    -0.4011E-06   -0.3323E-03
          mass transport(v2) solution complete at t=    0.200E+02 days
          dumx=   0.9680E-04    dtmx=   0.0000E+00     dcmx=   0.1237E+00
          node of max. temp. change:       1 T =   0.00000E+00 z=   0.00
          node of max. conc. change:    3095 c =   0.34750E+00 z=   0.00
          dzmin/dzmax deformation (m) (+dzmax = thaw) :   0.00E+00  0.00E+00

          non-linear iteration # (kit):     1
          -----------------------------------
          mass transport(v2) solution complete at t=    0.200E+02 days
          dumx=   0.0000E+00    dtmx=   0.0000E+00     dcmx=  -0.8623E-11
          node of max. temp. change:       1 T =   0.00000E+00 z=   0.00
          node of max. conc. change:    3147 c =   0.46794E+00 z=   0.00
          dzmin/dzmax deformation (m) (+dzmax = thaw) :   0.00E+00  0.00E+00
          thermal/concentration solution has converged in    1 iterations

          writing veloc2d files ...

          fluid volume injected  this step:    0.000E+00
          fluid volume withdrawn this step:   -0.423E+02
          plot time ...

          # time steps numit ...     20

          thermal energy recovery undefined


          total iterations performed:    40


          **** normal exit ****




          **** normal exit ****


